<?xml version="1.0" encoding="UTF-8"?>
<!-- Generated by org.testng.reporters.JUnitXMLReporter -->
<testsuite ignored="1" hostname="LAPTOP-AKT4HQ2U" failures="0" tests="1" name="NegativeTests" time="6.514" errors="0" timestamp="2022-03-01T12:57:51 AEDT">
  <testcase classname="com.herokuapp.theinternet.NegativeTests" name="negativeUsernameTest" time="6.476"/>
  <testcase classname="com.herokuapp.theinternet.NegativeTests" name="negativePasswordTest" time="0.0">
    <ignored/>
  </testcase> <!-- negativePasswordTest -->
</testsuite> <!-- NegativeTests -->
