<?xml version="1.0" encoding="UTF-8"?>
<!-- Generated by org.testng.reporters.JUnitXMLReporter -->
<testsuite ignored="1" hostname="LAPTOP-AKT4HQ2U" failures="0" tests="1" name="NegativeUsernameTests" time="8.319" errors="0" timestamp="2022-03-01T15:23:21 AEDT">
  <testcase classname="com.herokuapp.theinternet.LoginTests" name="negativeLoginTest" time="0.832"/>
  <testcase classname="com.herokuapp.theinternet.LoginTests" name="positiveLoginTest" time="0.0">
    <ignored/>
  </testcase> <!-- positiveLoginTest -->
</testsuite> <!-- NegativeUsernameTests -->
