<?xml version="1.0" encoding="UTF-8"?>
<!-- Generated by org.testng.reporters.JUnitXMLReporter -->
<testsuite ignored="1" hostname="LAPTOP-AKT4HQ2U" failures="0" tests="1" name="NegativePasswordTests" time="13.746" errors="0" timestamp="2022-03-01T15:23:35 AEDT">
  <testcase classname="com.herokuapp.theinternet.LoginTests" name="negativeLoginTest" time="1.034"/>
  <testcase classname="com.herokuapp.theinternet.LoginTests" name="positiveLoginTest" time="0.0">
    <ignored/>
  </testcase> <!-- positiveLoginTest -->
</testsuite> <!-- NegativePasswordTests -->
