<?xml version="1.0" encoding="UTF-8"?>
<!-- Generated by org.testng.reporters.JUnitXMLReporter -->
<testsuite ignored="0" hostname="LAPTOP-AKT4HQ2U" failures="0" tests="2" name="NegativeTests" time="14.521" errors="0" timestamp="2022-03-01T12:38:58 AEDT">
  <testcase classname="com.herokuapp.theinternet.NegativeTests" name="negativePasswordTest" time="8.107"/>
  <testcase classname="com.herokuapp.theinternet.NegativeTests" name="negativeUsernameTest" time="6.41"/>
</testsuite> <!-- NegativeTests -->
