<?xml version="1.0" encoding="UTF-8"?>
<testng-results ignored="0" total="1" passed="1" failed="0" skipped="0">
  <reporter-output>
  </reporter-output>
  <suite started-at="2022-03-01T17:25:55 AEDT" name="Default suite" finished-at="2022-03-01T17:26:07 AEDT" duration-ms="11754">
    <groups>
    </groups>
    <test started-at="2022-03-01T17:25:55 AEDT" name="Default test" finished-at="2022-03-01T17:26:07 AEDT" duration-ms="11754">
      <class name="com.herokuapp.theinternet.ExceptionTests">
        <test-method is-config="true" signature="setup(java.lang.String)[pri:0, instance:com.herokuapp.theinternet.ExceptionTests@59309333]" started-at="2022-03-01T17:25:56 AEDT" name="setup" finished-at="2022-03-01T17:26:02 AEDT" duration-ms="5986" status="PASS">
          <params>
            <param index="0">
              <value>
                <![CDATA[chrome]]>
              </value>
            </param>
          </params>
          <reporter-output>
          </reporter-output>
        </test-method> <!-- setup -->
        <test-method signature="notVisibleTest()[pri:0, instance:com.herokuapp.theinternet.ExceptionTests@59309333]" started-at="2022-03-01T17:26:02 AEDT" name="notVisibleTest" finished-at="2022-03-01T17:26:07 AEDT" duration-ms="5416" status="PASS">
          <reporter-output>
          </reporter-output>
        </test-method> <!-- notVisibleTest -->
        <test-method is-config="true" signature="closeUp()[pri:0, instance:com.herokuapp.theinternet.ExceptionTests@59309333]" started-at="2022-03-01T17:26:07 AEDT" name="closeUp" finished-at="2022-03-01T17:26:07 AEDT" duration-ms="309" status="PASS">
          <reporter-output>
          </reporter-output>
        </test-method> <!-- closeUp -->
      </class> <!-- com.herokuapp.theinternet.ExceptionTests -->
    </test> <!-- Default test -->
  </suite> <!-- Default suite -->
</testng-results>
